<?xml version="1.0" encoding="UTF-8"?>
<testsuite name="com.example.spring.domain.posts.PostsRepositoryTest" tests="2" skipped="0" failures="0" errors="0" timestamp="2022-06-15T12:17:00" hostname="DESKTOP-41VMKVK" time="0.355">
  <properties/>
  <testcase name="게시물저장_불러오기" classname="com.example.spring.domain.posts.PostsRepositoryTest" time="0.342"/>
  <testcase name="BaseTimeEntity_등록" classname="com.example.spring.domain.posts.PostsRepositoryTest" time="0.011"/>
  <system-out><![CDATA[2022-06-15 21:16:55.030  INFO 16440 --- [    Test worker] .b.t.c.SpringBootTestContextBootstrapper : Neither @ContextConfiguration nor @ContextHierarchy found for test class [com.example.spring.domain.posts.PostsRepositoryTest], using SpringBootContextLoader
2022-06-15 21:16:55.031  INFO 16440 --- [    Test worker] o.s.t.c.support.AbstractContextLoader    : Could not detect default resource locations for test class [com.example.spring.domain.posts.PostsRepositoryTest]: no resource found for suffixes {-context.xml, Context.groovy}.
2022-06-15 21:16:55.032  INFO 16440 --- [    Test worker] t.c.s.AnnotationConfigContextLoaderUtils : Could not detect default configuration classes for test class [com.example.spring.domain.posts.PostsRepositoryTest]: PostsRepositoryTest does not declare any static, non-private, non-final, nested classes annotated with @Configuration.
2022-06-15 21:16:55.051  INFO 16440 --- [    Test worker] .b.t.c.SpringBootTestContextBootstrapper : Found @SpringBootConfiguration com.example.spring.Application for test class com.example.spring.domain.posts.PostsRepositoryTest
2022-06-15 21:16:55.055  INFO 16440 --- [    Test worker] .b.t.c.SpringBootTestContextBootstrapper : Loaded default TestExecutionListener class names from location [META-INF/spring.factories]: [org.springframework.security.test.context.support.WithSecurityContextTestExecutionListener, org.springframework.security.test.context.support.ReactorContextTestExecutionListener, org.springframework.boot.test.autoconfigure.restdocs.RestDocsTestExecutionListener, org.springframework.boot.test.autoconfigure.web.client.MockRestServiceServerResetTestExecutionListener, org.springframework.boot.test.autoconfigure.web.servlet.MockMvcPrintOnlyOnFailureTestExecutionListener, org.springframework.boot.test.autoconfigure.web.servlet.WebDriverTestExecutionListener, org.springframework.boot.test.mock.mockito.MockitoTestExecutionListener, org.springframework.boot.test.mock.mockito.ResetMocksTestExecutionListener, org.springframework.test.context.web.ServletTestExecutionListener, org.springframework.test.context.support.DirtiesContextBeforeModesTestExecutionListener, org.springframework.test.context.support.DependencyInjectionTestExecutionListener, org.springframework.test.context.support.DirtiesContextTestExecutionListener, org.springframework.test.context.transaction.TransactionalTestExecutionListener, org.springframework.test.context.jdbc.SqlScriptsTestExecutionListener, org.springframework.test.context.event.EventPublishingTestExecutionListener]
2022-06-15 21:16:55.058  INFO 16440 --- [    Test worker] .b.t.c.SpringBootTestContextBootstrapper : Using TestExecutionListeners: [org.springframework.test.context.web.ServletTestExecutionListener@10b8b653, org.springframework.test.context.support.DirtiesContextBeforeModesTestExecutionListener@3849181f, org.springframework.boot.test.mock.mockito.MockitoTestExecutionListener@1e2b0a38, org.springframework.boot.test.autoconfigure.SpringBootDependencyInjectionTestExecutionListener@498a49cf, org.springframework.test.context.support.DirtiesContextTestExecutionListener@1c557483, org.springframework.test.context.transaction.TransactionalTestExecutionListener@6c2c1ef6, org.springframework.test.context.jdbc.SqlScriptsTestExecutionListener@2a10b381, org.springframework.security.test.context.support.WithSecurityContextTestExecutionListener@314f533d, org.springframework.test.context.event.EventPublishingTestExecutionListener@609c8fb, org.springframework.security.test.context.support.ReactorContextTestExecutionListener@a5ead62, org.springframework.boot.test.autoconfigure.restdocs.RestDocsTestExecutionListener@25fd9b13, org.springframework.boot.test.autoconfigure.web.client.MockRestServiceServerResetTestExecutionListener@6e60f22a, org.springframework.boot.test.autoconfigure.web.servlet.MockMvcPrintOnlyOnFailureTestExecutionListener@26e6a10d, org.springframework.boot.test.autoconfigure.web.servlet.WebDriverTestExecutionListener@592c3d0e, org.springframework.boot.test.mock.mockito.ResetMocksTestExecutionListener@10c0103b]

  .   ____          _            __ _ _
 /\\ / ___'_ __ _ _(_)_ __  __ _ \ \ \ \
( ( )\___ | '_ | '_| | '_ \/ _` | \ \ \ \
 \\/  ___)| |_)| | | | | || (_| |  ) ) ) )
  '  |____| .__|_| |_|_| |_\__, | / / / /
 =========|_|==============|___/=/_/_/_/
 :: Spring Boot ::        (v2.2.0.RELEASE)

2022-06-15 21:16:55.106  INFO 16440 --- [    Test worker] c.e.s.domain.posts.PostsRepositoryTest   : Starting PostsRepositoryTest on DESKTOP-41VMKVK with PID 16440 (started by lg in C:\Users\lg\IdeaProjects\Spring)
2022-06-15 21:16:55.106  INFO 16440 --- [    Test worker] c.e.s.domain.posts.PostsRepositoryTest   : The following profiles are active: oauth
2022-06-15 21:16:55.634  INFO 16440 --- [    Test worker] .s.d.r.c.RepositoryConfigurationDelegate : Bootstrapping Spring Data repositories in DEFAULT mode.
2022-06-15 21:16:55.754  INFO 16440 --- [    Test worker] .s.d.r.c.RepositoryConfigurationDelegate : Finished Spring Data repository scanning in 101ms. Found 2 repository interfaces.
2022-06-15 21:16:56.175  INFO 16440 --- [    Test worker] trationDelegate$BeanPostProcessorChecker : Bean 'org.springframework.transaction.annotation.ProxyTransactionManagementConfiguration' of type [org.springframework.transaction.annotation.ProxyTransactionManagementConfiguration] is not eligible for getting processed by all BeanPostProcessors (for example: not eligible for auto-proxying)
2022-06-15 21:16:56.400  INFO 16440 --- [    Test worker] com.zaxxer.hikari.HikariDataSource       : HikariPool-1 - Starting...
2022-06-15 21:16:56.635  INFO 16440 --- [    Test worker] com.zaxxer.hikari.HikariDataSource       : HikariPool-1 - Start completed.
2022-06-15 21:16:56.746  INFO 16440 --- [    Test worker] o.hibernate.jpa.internal.util.LogHelper  : HHH000204: Processing PersistenceUnitInfo [name: default]
2022-06-15 21:16:56.870  INFO 16440 --- [    Test worker] org.hibernate.Version                    : HHH000412: Hibernate Core {5.4.6.Final}
2022-06-15 21:16:56.976  INFO 16440 --- [    Test worker] o.hibernate.annotations.common.Version   : HCANN000001: Hibernate Commons Annotations {5.1.0.Final}
2022-06-15 21:16:57.160  INFO 16440 --- [    Test worker] org.hibernate.dialect.Dialect            : HHH000400: Using dialect: org.hibernate.dialect.MySQL5InnoDBDialect
Hibernate: drop table if exists posts
Hibernate: drop table if exists user
Hibernate: create table posts (id bigint not null auto_increment, created_date datetime, modified_date datetime, author varchar(255), content TEXT not null, title varchar(500) not null, primary key (id)) engine=InnoDB
Hibernate: create table user (id bigint not null auto_increment, created_date datetime, modified_date datetime, email varchar(255) not null, name varchar(255) not null, picture varchar(255), role varchar(255) not null, primary key (id)) engine=InnoDB
2022-06-15 21:16:58.235  INFO 16440 --- [    Test worker] o.h.e.t.j.p.i.JtaPlatformInitiator       : HHH000490: Using JtaPlatform implementation: [org.hibernate.engine.transaction.jta.platform.internal.NoJtaPlatform]
2022-06-15 21:16:58.244  INFO 16440 --- [    Test worker] j.LocalContainerEntityManagerFactoryBean : Initialized JPA EntityManagerFactory for persistence unit 'default'
2022-06-15 21:16:59.176  WARN 16440 --- [    Test worker] JpaBaseConfiguration$JpaWebConfiguration : spring.jpa.open-in-view is enabled by default. Therefore, database queries may be performed during view rendering. Explicitly configure spring.jpa.open-in-view to disable this warning
2022-06-15 21:16:59.759  INFO 16440 --- [    Test worker] o.s.s.web.DefaultSecurityFilterChain     : Creating filter chain: any request, [org.springframework.security.web.context.request.async.WebAsyncManagerIntegrationFilter@417a76d9, org.springframework.security.web.context.SecurityContextPersistenceFilter@70737949, org.springframework.security.web.header.HeaderWriterFilter@5c08781f, org.springframework.security.web.authentication.logout.LogoutFilter@b12d5bd, org.springframework.security.oauth2.client.web.OAuth2AuthorizationRequestRedirectFilter@3ce3069c, org.springframework.security.oauth2.client.web.OAuth2LoginAuthenticationFilter@7c83b12c, org.springframework.security.web.authentication.ui.DefaultLoginPageGeneratingFilter@6773aea8, org.springframework.security.web.authentication.ui.DefaultLogoutPageGeneratingFilter@755f91c3, org.springframework.security.web.savedrequest.RequestCacheAwareFilter@32a6a25d, org.springframework.security.web.servletapi.SecurityContextHolderAwareRequestFilter@2d71ec96, org.springframework.security.web.authentication.AnonymousAuthenticationFilter@14345495, org.springframework.security.web.session.SessionManagementFilter@6df4f79f, org.springframework.security.web.access.ExceptionTranslationFilter@4e8192c8, org.springframework.security.web.access.intercept.FilterSecurityInterceptor@5b361278]
2022-06-15 21:17:00.186  INFO 16440 --- [    Test worker] o.s.s.concurrent.ThreadPoolTaskExecutor  : Initializing ExecutorService 'applicationTaskExecutor'
2022-06-15 21:17:00.255  INFO 16440 --- [    Test worker] o.s.b.a.w.s.WelcomePageHandlerMapping    : Adding welcome page template: index
2022-06-15 21:17:00.563  INFO 16440 --- [    Test worker] o.s.b.a.h2.H2ConsoleAutoConfiguration    : H2 console available at '/h2-console'. Database available at 'jdbc:h2:mem:testdb'
2022-06-15 21:17:00.881  INFO 16440 --- [    Test worker] s.a.ScheduledAnnotationBeanPostProcessor : No TaskScheduler/ScheduledExecutorService bean found for scheduled processing
2022-06-15 21:17:00.892  INFO 16440 --- [    Test worker] c.e.s.domain.posts.PostsRepositoryTest   : Started PostsRepositoryTest in 5.831 seconds (JVM running for 11.576)
Hibernate: insert into posts (created_date, modified_date, author, content, title) values (?, ?, ?, ?, ?)
Hibernate: select posts0_.id as id1_0_, posts0_.created_date as created_2_0_, posts0_.modified_date as modified3_0_, posts0_.author as author4_0_, posts0_.content as content5_0_, posts0_.title as title6_0_ from posts posts0_
Hibernate: select posts0_.id as id1_0_, posts0_.created_date as created_2_0_, posts0_.modified_date as modified3_0_, posts0_.author as author4_0_, posts0_.content as content5_0_, posts0_.title as title6_0_ from posts posts0_
Hibernate: delete from posts where id=?
Hibernate: insert into posts (created_date, modified_date, author, content, title) values (?, ?, ?, ?, ?)
Hibernate: select posts0_.id as id1_0_, posts0_.created_date as created_2_0_, posts0_.modified_date as modified3_0_, posts0_.author as author4_0_, posts0_.content as content5_0_, posts0_.title as title6_0_ from posts posts0_
>>>>>>>> createDate=2022-06-15T21:17:01.245, modifiedDate=2022-06-15T21:17:01.245
Hibernate: select posts0_.id as id1_0_, posts0_.created_date as created_2_0_, posts0_.modified_date as modified3_0_, posts0_.author as author4_0_, posts0_.content as content5_0_, posts0_.title as title6_0_ from posts posts0_
Hibernate: delete from posts where id=?
]]></system-out>
  <system-err><![CDATA[]]></system-err>
</testsuite>
