<?xml version="1.0" encoding="UTF-8"?>
<testsuite name="com.example.spring.web.HelloControllerTest" tests="2" skipped="0" failures="0" errors="0" timestamp="2022-06-15T12:16:54" hostname="DESKTOP-41VMKVK" time="0.743">
  <properties/>
  <testcase name="hello가_리턴된다" classname="com.example.spring.web.HelloControllerTest" time="0.583"/>
  <testcase name="helloDto가_리턴된다" classname="com.example.spring.web.HelloControllerTest" time="0.157"/>
  <system-out><![CDATA[21:16:50.593 [Test worker] DEBUG org.springframework.test.context.junit4.SpringJUnit4ClassRunner - SpringJUnit4ClassRunner constructor called with [class com.example.spring.web.HelloControllerTest]
21:16:50.601 [Test worker] DEBUG org.springframework.test.context.BootstrapUtils - Instantiating CacheAwareContextLoaderDelegate from class [org.springframework.test.context.cache.DefaultCacheAwareContextLoaderDelegate]
21:16:50.615 [Test worker] DEBUG org.springframework.test.context.BootstrapUtils - Instantiating BootstrapContext using constructor [public org.springframework.test.context.support.DefaultBootstrapContext(java.lang.Class,org.springframework.test.context.CacheAwareContextLoaderDelegate)]
21:16:50.680 [Test worker] DEBUG org.springframework.test.context.BootstrapUtils - Instantiating TestContextBootstrapper for test class [com.example.spring.web.HelloControllerTest] from class [org.springframework.boot.test.autoconfigure.web.servlet.WebMvcTestContextBootstrapper]
21:16:50.700 [Test worker] INFO org.springframework.boot.test.autoconfigure.web.servlet.WebMvcTestContextBootstrapper - Neither @ContextConfiguration nor @ContextHierarchy found for test class [com.example.spring.web.HelloControllerTest], using SpringBootContextLoader
21:16:50.707 [Test worker] DEBUG org.springframework.test.context.support.AbstractContextLoader - Did not detect default resource location for test class [com.example.spring.web.HelloControllerTest]: class path resource [com/example/spring/web/HelloControllerTest-context.xml] does not exist
21:16:50.708 [Test worker] DEBUG org.springframework.test.context.support.AbstractContextLoader - Did not detect default resource location for test class [com.example.spring.web.HelloControllerTest]: class path resource [com/example/spring/web/HelloControllerTestContext.groovy] does not exist
21:16:50.709 [Test worker] INFO org.springframework.test.context.support.AbstractContextLoader - Could not detect default resource locations for test class [com.example.spring.web.HelloControllerTest]: no resource found for suffixes {-context.xml, Context.groovy}.
21:16:50.709 [Test worker] INFO org.springframework.test.context.support.AnnotationConfigContextLoaderUtils - Could not detect default configuration classes for test class [com.example.spring.web.HelloControllerTest]: HelloControllerTest does not declare any static, non-private, non-final, nested classes annotated with @Configuration.
21:16:50.792 [Test worker] DEBUG org.springframework.test.context.support.ActiveProfilesUtils - Could not find an 'annotation declaring class' for annotation type [org.springframework.test.context.ActiveProfiles] and class [com.example.spring.web.HelloControllerTest]
21:16:50.919 [Test worker] DEBUG org.springframework.context.annotation.ClassPathScanningCandidateComponentProvider - Identified candidate component class: file [C:\Users\lg\IdeaProjects\Spring\build\classes\java\main\com\example\spring\Application.class]
21:16:50.928 [Test worker] INFO org.springframework.boot.test.context.SpringBootTestContextBootstrapper - Found @SpringBootConfiguration com.example.spring.Application for test class com.example.spring.web.HelloControllerTest
21:16:50.931 [Test worker] DEBUG org.springframework.boot.test.autoconfigure.web.servlet.WebMvcTestContextBootstrapper - @TestExecutionListeners is not present for class [com.example.spring.web.HelloControllerTest]: using defaults.
21:16:50.932 [Test worker] INFO org.springframework.boot.test.autoconfigure.web.servlet.WebMvcTestContextBootstrapper - Loaded default TestExecutionListener class names from location [META-INF/spring.factories]: [org.springframework.security.test.context.support.WithSecurityContextTestExecutionListener, org.springframework.security.test.context.support.ReactorContextTestExecutionListener, org.springframework.boot.test.autoconfigure.restdocs.RestDocsTestExecutionListener, org.springframework.boot.test.autoconfigure.web.client.MockRestServiceServerResetTestExecutionListener, org.springframework.boot.test.autoconfigure.web.servlet.MockMvcPrintOnlyOnFailureTestExecutionListener, org.springframework.boot.test.autoconfigure.web.servlet.WebDriverTestExecutionListener, org.springframework.boot.test.mock.mockito.MockitoTestExecutionListener, org.springframework.boot.test.mock.mockito.ResetMocksTestExecutionListener, org.springframework.test.context.web.ServletTestExecutionListener, org.springframework.test.context.support.DirtiesContextBeforeModesTestExecutionListener, org.springframework.test.context.support.DependencyInjectionTestExecutionListener, org.springframework.test.context.support.DirtiesContextTestExecutionListener, org.springframework.test.context.transaction.TransactionalTestExecutionListener, org.springframework.test.context.jdbc.SqlScriptsTestExecutionListener, org.springframework.test.context.event.EventPublishingTestExecutionListener]
21:16:50.961 [Test worker] INFO org.springframework.boot.test.autoconfigure.web.servlet.WebMvcTestContextBootstrapper - Using TestExecutionListeners: [org.springframework.test.context.web.ServletTestExecutionListener@3ea3a3bf, org.springframework.test.context.support.DirtiesContextBeforeModesTestExecutionListener@43e61d18, org.springframework.boot.test.mock.mockito.MockitoTestExecutionListener@14ea1af7, org.springframework.boot.test.autoconfigure.SpringBootDependencyInjectionTestExecutionListener@11348644, org.springframework.test.context.support.DirtiesContextTestExecutionListener@32297186, org.springframework.test.context.transaction.TransactionalTestExecutionListener@41d4a406, org.springframework.test.context.jdbc.SqlScriptsTestExecutionListener@5ad2369, org.springframework.security.test.context.support.WithSecurityContextTestExecutionListener@309e933e, org.springframework.test.context.event.EventPublishingTestExecutionListener@494261ea, org.springframework.security.test.context.support.ReactorContextTestExecutionListener@2dd21850, org.springframework.boot.test.autoconfigure.restdocs.RestDocsTestExecutionListener@4188d0e8, org.springframework.boot.test.autoconfigure.web.client.MockRestServiceServerResetTestExecutionListener@5cbbc84, org.springframework.boot.test.autoconfigure.web.servlet.MockMvcPrintOnlyOnFailureTestExecutionListener@5f5cc0e6, org.springframework.boot.test.autoconfigure.web.servlet.WebDriverTestExecutionListener@627153c5, org.springframework.boot.test.mock.mockito.ResetMocksTestExecutionListener@6579d0f3]
21:16:50.964 [Test worker] DEBUG org.springframework.test.annotation.ProfileValueUtils - Retrieved @ProfileValueSourceConfiguration [null] for test class [com.example.spring.web.HelloControllerTest]
21:16:50.966 [Test worker] DEBUG org.springframework.test.annotation.ProfileValueUtils - Retrieved ProfileValueSource type [class org.springframework.test.annotation.SystemProfileValueSource] for class [com.example.spring.web.HelloControllerTest]
21:16:50.967 [Test worker] DEBUG org.springframework.test.annotation.ProfileValueUtils - Retrieved @ProfileValueSourceConfiguration [null] for test class [com.example.spring.web.HelloControllerTest]
21:16:50.967 [Test worker] DEBUG org.springframework.test.annotation.ProfileValueUtils - Retrieved ProfileValueSource type [class org.springframework.test.annotation.SystemProfileValueSource] for class [com.example.spring.web.HelloControllerTest]
21:16:50.972 [Test worker] DEBUG org.springframework.test.context.support.AbstractDirtiesContextTestExecutionListener - Before test class: context [DefaultTestContext@19c8f857 testClass = HelloControllerTest, testInstance = [null], testMethod = [null], testException = [null], mergedContextConfiguration = [WebMergedContextConfiguration@504db52f testClass = HelloControllerTest, locations = '{}', classes = '{class com.example.spring.Application}', contextInitializerClasses = '[]', activeProfiles = '{}', propertySourceLocations = '{}', propertySourceProperties = '{org.springframework.boot.test.autoconfigure.web.servlet.WebMvcTestContextBootstrapper=true}', contextCustomizers = set[org.springframework.boot.test.autoconfigure.OverrideAutoConfigurationContextCustomizerFactory$DisableAutoConfigurationContextCustomizer@61a5668, org.springframework.boot.test.autoconfigure.filter.TypeExcludeFiltersContextCustomizer@3ac26387, org.springframework.boot.test.autoconfigure.properties.PropertyMappingContextCustomizer@333ea019, org.springframework.boot.test.autoconfigure.web.servlet.WebDriverContextCustomizerFactory$Customizer@4de6e57f, [ImportsContextCustomizer@5649a23d key = [org.springframework.boot.autoconfigure.cache.CacheAutoConfiguration, org.springframework.boot.autoconfigure.context.MessageSourceAutoConfiguration, org.springframework.boot.autoconfigure.data.web.SpringDataWebAutoConfiguration, org.springframework.boot.autoconfigure.freemarker.FreeMarkerAutoConfiguration, org.springframework.boot.autoconfigure.groovy.template.GroovyTemplateAutoConfiguration, org.springframework.boot.autoconfigure.gson.GsonAutoConfiguration, org.springframework.boot.autoconfigure.hateoas.HypermediaAutoConfiguration, org.springframework.boot.autoconfigure.http.HttpMessageConvertersAutoConfiguration, org.springframework.boot.autoconfigure.jackson.JacksonAutoConfiguration, org.springframework.boot.autoconfigure.jsonb.JsonbAutoConfiguration, org.springframework.boot.autoconfigure.mustache.MustacheAutoConfiguration, org.springframework.boot.autoconfigure.task.TaskExecutionAutoConfiguration, org.springframework.boot.autoconfigure.thymeleaf.ThymeleafAutoConfiguration, org.springframework.boot.autoconfigure.validation.ValidationAutoConfiguration, org.springframework.boot.autoconfigure.web.servlet.error.ErrorMvcAutoConfiguration, org.springframework.boot.autoconfigure.web.servlet.WebMvcAutoConfiguration, org.springframework.boot.test.autoconfigure.web.servlet.MockMvcAutoConfiguration, org.springframework.boot.test.autoconfigure.web.servlet.MockMvcWebClientAutoConfiguration, org.springframework.boot.test.autoconfigure.web.servlet.MockMvcWebDriverAutoConfiguration, org.springframework.boot.autoconfigure.security.servlet.SecurityAutoConfiguration, org.springframework.boot.autoconfigure.security.servlet.UserDetailsServiceAutoConfiguration, org.springframework.boot.test.autoconfigure.web.servlet.MockMvcSecurityConfiguration]], org.springframework.boot.test.context.filter.ExcludeFilterContextCustomizer@658433f7, org.springframework.boot.test.json.DuplicateJsonObjectContextCustomizerFactory$DuplicateJsonObjectContextCustomizer@1927e2d2, org.springframework.boot.test.mock.mockito.MockitoContextCustomizer@0], resourceBasePath = 'src/main/webapp', contextLoader = 'org.springframework.boot.test.context.SpringBootContextLoader', parent = [null]], attributes = map[[empty]]], class annotated with @DirtiesContext [false] with mode [null].
21:16:50.980 [Test worker] DEBUG org.springframework.test.annotation.ProfileValueUtils - Retrieved @ProfileValueSourceConfiguration [null] for test class [com.example.spring.web.HelloControllerTest]
21:16:50.980 [Test worker] DEBUG org.springframework.test.annotation.ProfileValueUtils - Retrieved ProfileValueSource type [class org.springframework.test.annotation.SystemProfileValueSource] for class [com.example.spring.web.HelloControllerTest]
21:16:50.983 [Test worker] DEBUG org.springframework.test.context.support.DependencyInjectionTestExecutionListener - Performing dependency injection for test context [[DefaultTestContext@19c8f857 testClass = HelloControllerTest, testInstance = com.example.spring.web.HelloControllerTest@ac24fb5, testMethod = [null], testException = [null], mergedContextConfiguration = [WebMergedContextConfiguration@504db52f testClass = HelloControllerTest, locations = '{}', classes = '{class com.example.spring.Application}', contextInitializerClasses = '[]', activeProfiles = '{}', propertySourceLocations = '{}', propertySourceProperties = '{org.springframework.boot.test.autoconfigure.web.servlet.WebMvcTestContextBootstrapper=true}', contextCustomizers = set[org.springframework.boot.test.autoconfigure.OverrideAutoConfigurationContextCustomizerFactory$DisableAutoConfigurationContextCustomizer@61a5668, org.springframework.boot.test.autoconfigure.filter.TypeExcludeFiltersContextCustomizer@3ac26387, org.springframework.boot.test.autoconfigure.properties.PropertyMappingContextCustomizer@333ea019, org.springframework.boot.test.autoconfigure.web.servlet.WebDriverContextCustomizerFactory$Customizer@4de6e57f, [ImportsContextCustomizer@5649a23d key = [org.springframework.boot.autoconfigure.cache.CacheAutoConfiguration, org.springframework.boot.autoconfigure.context.MessageSourceAutoConfiguration, org.springframework.boot.autoconfigure.data.web.SpringDataWebAutoConfiguration, org.springframework.boot.autoconfigure.freemarker.FreeMarkerAutoConfiguration, org.springframework.boot.autoconfigure.groovy.template.GroovyTemplateAutoConfiguration, org.springframework.boot.autoconfigure.gson.GsonAutoConfiguration, org.springframework.boot.autoconfigure.hateoas.HypermediaAutoConfiguration, org.springframework.boot.autoconfigure.http.HttpMessageConvertersAutoConfiguration, org.springframework.boot.autoconfigure.jackson.JacksonAutoConfiguration, org.springframework.boot.autoconfigure.jsonb.JsonbAutoConfiguration, org.springframework.boot.autoconfigure.mustache.MustacheAutoConfiguration, org.springframework.boot.autoconfigure.task.TaskExecutionAutoConfiguration, org.springframework.boot.autoconfigure.thymeleaf.ThymeleafAutoConfiguration, org.springframework.boot.autoconfigure.validation.ValidationAutoConfiguration, org.springframework.boot.autoconfigure.web.servlet.error.ErrorMvcAutoConfiguration, org.springframework.boot.autoconfigure.web.servlet.WebMvcAutoConfiguration, org.springframework.boot.test.autoconfigure.web.servlet.MockMvcAutoConfiguration, org.springframework.boot.test.autoconfigure.web.servlet.MockMvcWebClientAutoConfiguration, org.springframework.boot.test.autoconfigure.web.servlet.MockMvcWebDriverAutoConfiguration, org.springframework.boot.autoconfigure.security.servlet.SecurityAutoConfiguration, org.springframework.boot.autoconfigure.security.servlet.UserDetailsServiceAutoConfiguration, org.springframework.boot.test.autoconfigure.web.servlet.MockMvcSecurityConfiguration]], org.springframework.boot.test.context.filter.ExcludeFilterContextCustomizer@658433f7, org.springframework.boot.test.json.DuplicateJsonObjectContextCustomizerFactory$DuplicateJsonObjectContextCustomizer@1927e2d2, org.springframework.boot.test.mock.mockito.MockitoContextCustomizer@0], resourceBasePath = 'src/main/webapp', contextLoader = 'org.springframework.boot.test.context.SpringBootContextLoader', parent = [null]], attributes = map[[empty]]]].
21:16:51.131 [Test worker] DEBUG org.springframework.test.context.support.TestPropertySourceUtils - Adding inlined properties to environment: {spring.jmx.enabled=false, org.springframework.boot.test.autoconfigure.web.servlet.WebMvcTestContextBootstrapper=true, server.port=-1}

  .   ____          _            __ _ _
 /\\ / ___'_ __ _ _(_)_ __  __ _ \ \ \ \
( ( )\___ | '_ | '_| | '_ \/ _` | \ \ \ \
 \\/  ___)| |_)| | | | | || (_| |  ) ) ) )
  '  |____| .__|_| |_|_| |_\__, | / / / /
 =========|_|==============|___/=/_/_/_/
 :: Spring Boot ::        (v2.2.0.RELEASE)

2022-06-15 21:16:51.567  INFO 16440 --- [    Test worker] c.e.spring.web.HelloControllerTest       : Starting HelloControllerTest on DESKTOP-41VMKVK with PID 16440 (started by lg in C:\Users\lg\IdeaProjects\Spring)
2022-06-15 21:16:51.568  INFO 16440 --- [    Test worker] c.e.spring.web.HelloControllerTest       : The following profiles are active: oauth
2022-06-15 21:16:53.289  INFO 16440 --- [    Test worker] o.s.s.concurrent.ThreadPoolTaskExecutor  : Initializing ExecutorService 'applicationTaskExecutor'
2022-06-15 21:16:53.417  INFO 16440 --- [    Test worker] o.s.b.a.w.s.WelcomePageHandlerMapping    : Adding welcome page template: index
2022-06-15 21:16:53.780  INFO 16440 --- [    Test worker] .s.s.UserDetailsServiceAutoConfiguration : 

Using generated security password: c570630d-91dd-4352-9e4a-dfb775bfc5c8

2022-06-15 21:16:54.092  INFO 16440 --- [    Test worker] o.s.s.web.DefaultSecurityFilterChain     : Creating filter chain: any request, [org.springframework.security.web.context.request.async.WebAsyncManagerIntegrationFilter@4ff1155f, org.springframework.security.web.context.SecurityContextPersistenceFilter@b31559a, org.springframework.security.web.header.HeaderWriterFilter@308a8fba, org.springframework.security.web.csrf.CsrfFilter@3d367b09, org.springframework.security.web.authentication.logout.LogoutFilter@716b515e, org.springframework.security.web.authentication.UsernamePasswordAuthenticationFilter@7de8b94d, org.springframework.security.web.authentication.ui.DefaultLoginPageGeneratingFilter@18cdd67c, org.springframework.security.web.authentication.ui.DefaultLogoutPageGeneratingFilter@261a5c3b, org.springframework.security.web.authentication.www.BasicAuthenticationFilter@4742062a, org.springframework.security.web.savedrequest.RequestCacheAwareFilter@52969dd3, org.springframework.security.web.servletapi.SecurityContextHolderAwareRequestFilter@5791733d, org.springframework.security.web.authentication.AnonymousAuthenticationFilter@664d0c3b, org.springframework.security.web.session.SessionManagementFilter@159ce394, org.springframework.security.web.access.ExceptionTranslationFilter@2640c2af, org.springframework.security.web.access.intercept.FilterSecurityInterceptor@6694c708]
2022-06-15 21:16:54.187  INFO 16440 --- [    Test worker] o.s.b.t.m.w.SpringBootMockServletContext : Initializing Spring TestDispatcherServlet ''
2022-06-15 21:16:54.187  INFO 16440 --- [    Test worker] o.s.t.web.servlet.TestDispatcherServlet  : Initializing Servlet ''
2022-06-15 21:16:54.225  INFO 16440 --- [    Test worker] o.s.t.web.servlet.TestDispatcherServlet  : Completed initialization in 38 ms
2022-06-15 21:16:54.263  INFO 16440 --- [    Test worker] c.e.spring.web.HelloControllerTest       : Started HelloControllerTest in 3.122 seconds (JVM running for 4.946)
]]></system-out>
  <system-err><![CDATA[]]></system-err>
</testsuite>
