<?xml version="1.0" encoding="UTF-8"?>
<testsuite name="com.example.spring.web.IndexControllerTest" tests="1" skipped="0" failures="0" errors="0" timestamp="2022-06-15T12:17:03" hostname="DESKTOP-41VMKVK" time="0.267">
  <properties/>
  <testcase name="메인페이지_로딩" classname="com.example.spring.web.IndexControllerTest" time="0.267"/>
  <system-out><![CDATA[2022-06-15 21:17:01.265  INFO 16440 --- [    Test worker] .b.t.c.SpringBootTestContextBootstrapper : Neither @ContextConfiguration nor @ContextHierarchy found for test class [com.example.spring.web.IndexControllerTest], using SpringBootContextLoader
2022-06-15 21:17:01.266  INFO 16440 --- [    Test worker] o.s.t.c.support.AbstractContextLoader    : Could not detect default resource locations for test class [com.example.spring.web.IndexControllerTest]: no resource found for suffixes {-context.xml, Context.groovy}.
2022-06-15 21:17:01.266  INFO 16440 --- [    Test worker] t.c.s.AnnotationConfigContextLoaderUtils : Could not detect default configuration classes for test class [com.example.spring.web.IndexControllerTest]: IndexControllerTest does not declare any static, non-private, non-final, nested classes annotated with @Configuration.
2022-06-15 21:17:01.269  INFO 16440 --- [    Test worker] .b.t.c.SpringBootTestContextBootstrapper : Found @SpringBootConfiguration com.example.spring.Application for test class com.example.spring.web.IndexControllerTest
2022-06-15 21:17:01.271  INFO 16440 --- [    Test worker] .b.t.c.SpringBootTestContextBootstrapper : Loaded default TestExecutionListener class names from location [META-INF/spring.factories]: [org.springframework.security.test.context.support.WithSecurityContextTestExecutionListener, org.springframework.security.test.context.support.ReactorContextTestExecutionListener, org.springframework.boot.test.autoconfigure.restdocs.RestDocsTestExecutionListener, org.springframework.boot.test.autoconfigure.web.client.MockRestServiceServerResetTestExecutionListener, org.springframework.boot.test.autoconfigure.web.servlet.MockMvcPrintOnlyOnFailureTestExecutionListener, org.springframework.boot.test.autoconfigure.web.servlet.WebDriverTestExecutionListener, org.springframework.boot.test.mock.mockito.MockitoTestExecutionListener, org.springframework.boot.test.mock.mockito.ResetMocksTestExecutionListener, org.springframework.test.context.web.ServletTestExecutionListener, org.springframework.test.context.support.DirtiesContextBeforeModesTestExecutionListener, org.springframework.test.context.support.DependencyInjectionTestExecutionListener, org.springframework.test.context.support.DirtiesContextTestExecutionListener, org.springframework.test.context.transaction.TransactionalTestExecutionListener, org.springframework.test.context.jdbc.SqlScriptsTestExecutionListener, org.springframework.test.context.event.EventPublishingTestExecutionListener]
2022-06-15 21:17:01.273  INFO 16440 --- [    Test worker] .b.t.c.SpringBootTestContextBootstrapper : Using TestExecutionListeners: [org.springframework.test.context.web.ServletTestExecutionListener@4ff37374, org.springframework.test.context.support.DirtiesContextBeforeModesTestExecutionListener@118953e7, org.springframework.boot.test.mock.mockito.MockitoTestExecutionListener@13def38c, org.springframework.boot.test.autoconfigure.SpringBootDependencyInjectionTestExecutionListener@6875d35b, org.springframework.test.context.support.DirtiesContextTestExecutionListener@3c4975f2, org.springframework.test.context.transaction.TransactionalTestExecutionListener@67041ff7, org.springframework.test.context.jdbc.SqlScriptsTestExecutionListener@322d208, org.springframework.security.test.context.support.WithSecurityContextTestExecutionListener@458b263c, org.springframework.test.context.event.EventPublishingTestExecutionListener@329a3d9a, org.springframework.security.test.context.support.ReactorContextTestExecutionListener@75a66799, org.springframework.boot.test.autoconfigure.restdocs.RestDocsTestExecutionListener@608159b7, org.springframework.boot.test.autoconfigure.web.client.MockRestServiceServerResetTestExecutionListener@7ca7295d, org.springframework.boot.test.autoconfigure.web.servlet.MockMvcPrintOnlyOnFailureTestExecutionListener@1f32adbe, org.springframework.boot.test.autoconfigure.web.servlet.WebDriverTestExecutionListener@596e9b6e, org.springframework.boot.test.mock.mockito.ResetMocksTestExecutionListener@33482d15]

  .   ____          _            __ _ _
 /\\ / ___'_ __ _ _(_)_ __  __ _ \ \ \ \
( ( )\___ | '_ | '_| | '_ \/ _` | \ \ \ \
 \\/  ___)| |_)| | | | | || (_| |  ) ) ) )
  '  |____| .__|_| |_|_| |_\__, | / / / /
 =========|_|==============|___/=/_/_/_/
 :: Spring Boot ::        (v2.2.0.RELEASE)

2022-06-15 21:17:01.340  INFO 16440 --- [    Test worker] c.e.spring.web.IndexControllerTest       : Starting IndexControllerTest on DESKTOP-41VMKVK with PID 16440 (started by lg in C:\Users\lg\IdeaProjects\Spring)
2022-06-15 21:17:01.340  INFO 16440 --- [    Test worker] c.e.spring.web.IndexControllerTest       : The following profiles are active: oauth
2022-06-15 21:17:01.737  INFO 16440 --- [    Test worker] .s.d.r.c.RepositoryConfigurationDelegate : Bootstrapping Spring Data repositories in DEFAULT mode.
2022-06-15 21:17:01.777  INFO 16440 --- [    Test worker] .s.d.r.c.RepositoryConfigurationDelegate : Finished Spring Data repository scanning in 33ms. Found 2 repository interfaces.
2022-06-15 21:17:01.919  INFO 16440 --- [    Test worker] trationDelegate$BeanPostProcessorChecker : Bean 'org.springframework.transaction.annotation.ProxyTransactionManagementConfiguration' of type [org.springframework.transaction.annotation.ProxyTransactionManagementConfiguration] is not eligible for getting processed by all BeanPostProcessors (for example: not eligible for auto-proxying)
2022-06-15 21:17:02.221  INFO 16440 --- [    Test worker] o.s.b.w.embedded.tomcat.TomcatWebServer  : Tomcat initialized with port(s): 0 (http)
2022-06-15 21:17:02.242  INFO 16440 --- [    Test worker] o.apache.catalina.core.StandardService   : Starting service [Tomcat]
2022-06-15 21:17:02.242  INFO 16440 --- [    Test worker] org.apache.catalina.core.StandardEngine  : Starting Servlet engine: [Apache Tomcat/9.0.27]
2022-06-15 21:17:02.450  INFO 16440 --- [    Test worker] o.a.c.c.C.[Tomcat].[localhost].[/]       : Initializing Spring embedded WebApplicationContext
2022-06-15 21:17:02.450  INFO 16440 --- [    Test worker] o.s.web.context.ContextLoader            : Root WebApplicationContext: initialization completed in 1108 ms
2022-06-15 21:17:02.510  INFO 16440 --- [    Test worker] com.zaxxer.hikari.HikariDataSource       : HikariPool-2 - Starting...
2022-06-15 21:17:02.515  INFO 16440 --- [    Test worker] com.zaxxer.hikari.HikariDataSource       : HikariPool-2 - Start completed.
2022-06-15 21:17:02.515  INFO 16440 --- [    Test worker] o.s.b.a.h2.H2ConsoleAutoConfiguration    : H2 console available at '/h2-console'. Database available at 'jdbc:h2:mem:testdb'
2022-06-15 21:17:02.708  INFO 16440 --- [    Test worker] o.hibernate.jpa.internal.util.LogHelper  : HHH000204: Processing PersistenceUnitInfo [name: default]
2022-06-15 21:17:02.724  INFO 16440 --- [    Test worker] org.hibernate.dialect.Dialect            : HHH000400: Using dialect: org.hibernate.dialect.MySQL5InnoDBDialect
Hibernate: drop table if exists posts
Hibernate: drop table if exists user
Hibernate: create table posts (id bigint not null auto_increment, created_date datetime, modified_date datetime, author varchar(255), content TEXT not null, title varchar(500) not null, primary key (id)) engine=InnoDB
Hibernate: create table user (id bigint not null auto_increment, created_date datetime, modified_date datetime, email varchar(255) not null, name varchar(255) not null, picture varchar(255), role varchar(255) not null, primary key (id)) engine=InnoDB
2022-06-15 21:17:02.792  INFO 16440 --- [    Test worker] o.h.e.t.j.p.i.JtaPlatformInitiator       : HHH000490: Using JtaPlatform implementation: [org.hibernate.engine.transaction.jta.platform.internal.NoJtaPlatform]
2022-06-15 21:17:02.792  INFO 16440 --- [    Test worker] j.LocalContainerEntityManagerFactoryBean : Initialized JPA EntityManagerFactory for persistence unit 'default'
2022-06-15 21:17:03.168  WARN 16440 --- [    Test worker] JpaBaseConfiguration$JpaWebConfiguration : spring.jpa.open-in-view is enabled by default. Therefore, database queries may be performed during view rendering. Explicitly configure spring.jpa.open-in-view to disable this warning
2022-06-15 21:17:03.478  INFO 16440 --- [    Test worker] o.s.s.web.DefaultSecurityFilterChain     : Creating filter chain: any request, [org.springframework.security.web.context.request.async.WebAsyncManagerIntegrationFilter@25779d4c, org.springframework.security.web.context.SecurityContextPersistenceFilter@46f4e3a2, org.springframework.security.web.header.HeaderWriterFilter@79bb3500, org.springframework.security.web.authentication.logout.LogoutFilter@49cfce79, org.springframework.security.oauth2.client.web.OAuth2AuthorizationRequestRedirectFilter@33c4a212, org.springframework.security.oauth2.client.web.OAuth2LoginAuthenticationFilter@5a5bd8a2, org.springframework.security.web.authentication.ui.DefaultLoginPageGeneratingFilter@552a1d9e, org.springframework.security.web.authentication.ui.DefaultLogoutPageGeneratingFilter@50f77c6d, org.springframework.security.web.savedrequest.RequestCacheAwareFilter@b3ed5d2, org.springframework.security.web.servletapi.SecurityContextHolderAwareRequestFilter@2b0de280, org.springframework.security.web.authentication.AnonymousAuthenticationFilter@46b59053, org.springframework.security.web.session.SessionManagementFilter@40c7d3cc, org.springframework.security.web.access.ExceptionTranslationFilter@110b8197, org.springframework.security.web.access.intercept.FilterSecurityInterceptor@5ab5f80f]
2022-06-15 21:17:03.656  INFO 16440 --- [    Test worker] o.s.s.concurrent.ThreadPoolTaskExecutor  : Initializing ExecutorService 'applicationTaskExecutor'
2022-06-15 21:17:03.694  INFO 16440 --- [    Test worker] o.s.b.a.w.s.WelcomePageHandlerMapping    : Adding welcome page template: index
2022-06-15 21:17:03.960  INFO 16440 --- [    Test worker] s.a.ScheduledAnnotationBeanPostProcessor : No TaskScheduler/ScheduledExecutorService bean found for scheduled processing
2022-06-15 21:17:03.981  INFO 16440 --- [    Test worker] o.s.b.w.embedded.tomcat.TomcatWebServer  : Tomcat started on port(s): 55924 (http) with context path ''
2022-06-15 21:17:03.988  INFO 16440 --- [    Test worker] c.e.spring.web.IndexControllerTest       : Started IndexControllerTest in 2.713 seconds (JVM running for 14.672)
2022-06-15 21:17:04.134  INFO 16440 --- [o-auto-1-exec-1] o.a.c.c.C.[Tomcat].[localhost].[/]       : Initializing Spring DispatcherServlet 'dispatcherServlet'
2022-06-15 21:17:04.134  INFO 16440 --- [o-auto-1-exec-1] o.s.web.servlet.DispatcherServlet        : Initializing Servlet 'dispatcherServlet'
2022-06-15 21:17:04.168  INFO 16440 --- [o-auto-1-exec-1] o.s.web.servlet.DispatcherServlet        : Completed initialization in 34 ms
Hibernate: select posts0_.id as id1_0_, posts0_.created_date as created_2_0_, posts0_.modified_date as modified3_0_, posts0_.author as author4_0_, posts0_.content as content5_0_, posts0_.title as title6_0_ from posts posts0_ order by posts0_.id DESC
]]></system-out>
  <system-err><![CDATA[]]></system-err>
</testsuite>
