<?xml version="1.0" encoding="UTF-8"?>
<testsuite name="com.example.spring.web.HelloControllerTest" tests="1" skipped="0" failures="0" errors="0" timestamp="2022-08-09T02:16:48" hostname="DESKTOP-41VMKVK" time="0.531">
  <properties/>
  <testcase name="helloDto가_리턴된다" classname="com.example.spring.web.HelloControllerTest" time="0.531"/>
  <system-out><![CDATA[11:16:45.143 [Test worker] DEBUG org.springframework.test.context.junit4.SpringJUnit4ClassRunner - SpringJUnit4ClassRunner constructor called with [class com.example.spring.web.HelloControllerTest]
11:16:45.166 [Test worker] DEBUG org.springframework.test.context.BootstrapUtils - Instantiating CacheAwareContextLoaderDelegate from class [org.springframework.test.context.cache.DefaultCacheAwareContextLoaderDelegate]
11:16:45.178 [Test worker] DEBUG org.springframework.test.context.BootstrapUtils - Instantiating BootstrapContext using constructor [public org.springframework.test.context.support.DefaultBootstrapContext(java.lang.Class,org.springframework.test.context.CacheAwareContextLoaderDelegate)]
11:16:45.244 [Test worker] DEBUG org.springframework.test.context.BootstrapUtils - Instantiating TestContextBootstrapper for test class [com.example.spring.web.HelloControllerTest] from class [org.springframework.boot.test.autoconfigure.web.servlet.WebMvcTestContextBootstrapper]
11:16:45.261 [Test worker] INFO org.springframework.boot.test.autoconfigure.web.servlet.WebMvcTestContextBootstrapper - Neither @ContextConfiguration nor @ContextHierarchy found for test class [com.example.spring.web.HelloControllerTest], using SpringBootContextLoader
11:16:45.272 [Test worker] DEBUG org.springframework.test.context.support.AbstractContextLoader - Did not detect default resource location for test class [com.example.spring.web.HelloControllerTest]: class path resource [com/example/spring/web/HelloControllerTest-context.xml] does not exist
11:16:45.272 [Test worker] DEBUG org.springframework.test.context.support.AbstractContextLoader - Did not detect default resource location for test class [com.example.spring.web.HelloControllerTest]: class path resource [com/example/spring/web/HelloControllerTestContext.groovy] does not exist
11:16:45.273 [Test worker] INFO org.springframework.test.context.support.AbstractContextLoader - Could not detect default resource locations for test class [com.example.spring.web.HelloControllerTest]: no resource found for suffixes {-context.xml, Context.groovy}.
11:16:45.274 [Test worker] INFO org.springframework.test.context.support.AnnotationConfigContextLoaderUtils - Could not detect default configuration classes for test class [com.example.spring.web.HelloControllerTest]: HelloControllerTest does not declare any static, non-private, non-final, nested classes annotated with @Configuration.
11:16:45.375 [Test worker] DEBUG org.springframework.test.context.support.ActiveProfilesUtils - Could not find an 'annotation declaring class' for annotation type [org.springframework.test.context.ActiveProfiles] and class [com.example.spring.web.HelloControllerTest]
11:16:45.501 [Test worker] DEBUG org.springframework.context.annotation.ClassPathScanningCandidateComponentProvider - Identified candidate component class: file [C:\Users\lg\IdeaProjects\Spring\build\classes\java\main\com\example\spring\Application.class]
11:16:45.509 [Test worker] INFO org.springframework.boot.test.context.SpringBootTestContextBootstrapper - Found @SpringBootConfiguration com.example.spring.Application for test class com.example.spring.web.HelloControllerTest
11:16:45.512 [Test worker] DEBUG org.springframework.boot.test.autoconfigure.web.servlet.WebMvcTestContextBootstrapper - @TestExecutionListeners is not present for class [com.example.spring.web.HelloControllerTest]: using defaults.
11:16:45.513 [Test worker] INFO org.springframework.boot.test.autoconfigure.web.servlet.WebMvcTestContextBootstrapper - Loaded default TestExecutionListener class names from location [META-INF/spring.factories]: [org.springframework.security.test.context.support.WithSecurityContextTestExecutionListener, org.springframework.security.test.context.support.ReactorContextTestExecutionListener, org.springframework.boot.test.autoconfigure.restdocs.RestDocsTestExecutionListener, org.springframework.boot.test.autoconfigure.web.client.MockRestServiceServerResetTestExecutionListener, org.springframework.boot.test.autoconfigure.web.servlet.MockMvcPrintOnlyOnFailureTestExecutionListener, org.springframework.boot.test.autoconfigure.web.servlet.WebDriverTestExecutionListener, org.springframework.boot.test.mock.mockito.MockitoTestExecutionListener, org.springframework.boot.test.mock.mockito.ResetMocksTestExecutionListener, org.springframework.test.context.web.ServletTestExecutionListener, org.springframework.test.context.support.DirtiesContextBeforeModesTestExecutionListener, org.springframework.test.context.support.DependencyInjectionTestExecutionListener, org.springframework.test.context.support.DirtiesContextTestExecutionListener, org.springframework.test.context.transaction.TransactionalTestExecutionListener, org.springframework.test.context.jdbc.SqlScriptsTestExecutionListener, org.springframework.test.context.event.EventPublishingTestExecutionListener]
11:16:45.547 [Test worker] INFO org.springframework.boot.test.autoconfigure.web.servlet.WebMvcTestContextBootstrapper - Using TestExecutionListeners: [org.springframework.test.context.web.ServletTestExecutionListener@3ea3a3bf, org.springframework.test.context.support.DirtiesContextBeforeModesTestExecutionListener@43e61d18, org.springframework.boot.test.mock.mockito.MockitoTestExecutionListener@14ea1af7, org.springframework.boot.test.autoconfigure.SpringBootDependencyInjectionTestExecutionListener@11348644, org.springframework.test.context.support.DirtiesContextTestExecutionListener@32297186, org.springframework.test.context.transaction.TransactionalTestExecutionListener@41d4a406, org.springframework.test.context.jdbc.SqlScriptsTestExecutionListener@5ad2369, org.springframework.security.test.context.support.WithSecurityContextTestExecutionListener@309e933e, org.springframework.test.context.event.EventPublishingTestExecutionListener@494261ea, org.springframework.security.test.context.support.ReactorContextTestExecutionListener@2dd21850, org.springframework.boot.test.autoconfigure.restdocs.RestDocsTestExecutionListener@4188d0e8, org.springframework.boot.test.autoconfigure.web.client.MockRestServiceServerResetTestExecutionListener@5cbbc84, org.springframework.boot.test.autoconfigure.web.servlet.MockMvcPrintOnlyOnFailureTestExecutionListener@5f5cc0e6, org.springframework.boot.test.autoconfigure.web.servlet.WebDriverTestExecutionListener@627153c5, org.springframework.boot.test.mock.mockito.ResetMocksTestExecutionListener@6579d0f3]
11:16:45.551 [Test worker] DEBUG org.springframework.test.annotation.ProfileValueUtils - Retrieved @ProfileValueSourceConfiguration [null] for test class [com.example.spring.web.HelloControllerTest]
11:16:45.552 [Test worker] DEBUG org.springframework.test.annotation.ProfileValueUtils - Retrieved ProfileValueSource type [class org.springframework.test.annotation.SystemProfileValueSource] for class [com.example.spring.web.HelloControllerTest]
11:16:45.559 [Test worker] DEBUG org.springframework.test.annotation.ProfileValueUtils - Retrieved @ProfileValueSourceConfiguration [null] for test class [com.example.spring.web.HelloControllerTest]
11:16:45.559 [Test worker] DEBUG org.springframework.test.annotation.ProfileValueUtils - Retrieved ProfileValueSource type [class org.springframework.test.annotation.SystemProfileValueSource] for class [com.example.spring.web.HelloControllerTest]
11:16:45.560 [Test worker] DEBUG org.springframework.test.annotation.ProfileValueUtils - Retrieved @ProfileValueSourceConfiguration [null] for test class [com.example.spring.web.HelloControllerTest]
11:16:45.560 [Test worker] DEBUG org.springframework.test.annotation.ProfileValueUtils - Retrieved ProfileValueSource type [class org.springframework.test.annotation.SystemProfileValueSource] for class [com.example.spring.web.HelloControllerTest]
11:16:45.565 [Test worker] DEBUG org.springframework.test.context.support.AbstractDirtiesContextTestExecutionListener - Before test class: context [DefaultTestContext@72f12333 testClass = HelloControllerTest, testInstance = [null], testMethod = [null], testException = [null], mergedContextConfiguration = [WebMergedContextConfiguration@76804e88 testClass = HelloControllerTest, locations = '{}', classes = '{class com.example.spring.Application}', contextInitializerClasses = '[]', activeProfiles = '{}', propertySourceLocations = '{}', propertySourceProperties = '{org.springframework.boot.test.autoconfigure.web.servlet.WebMvcTestContextBootstrapper=true}', contextCustomizers = set[org.springframework.boot.test.autoconfigure.OverrideAutoConfigurationContextCustomizerFactory$DisableAutoConfigurationContextCustomizer@61a5668, org.springframework.boot.test.autoconfigure.filter.TypeExcludeFiltersContextCustomizer@3ac26387, org.springframework.boot.test.autoconfigure.properties.PropertyMappingContextCustomizer@333ea019, org.springframework.boot.test.autoconfigure.web.servlet.WebDriverContextCustomizerFactory$Customizer@4de6e57f, [ImportsContextCustomizer@3f451dfb key = [org.springframework.boot.autoconfigure.cache.CacheAutoConfiguration, org.springframework.boot.autoconfigure.context.MessageSourceAutoConfiguration, org.springframework.boot.autoconfigure.data.web.SpringDataWebAutoConfiguration, org.springframework.boot.autoconfigure.freemarker.FreeMarkerAutoConfiguration, org.springframework.boot.autoconfigure.groovy.template.GroovyTemplateAutoConfiguration, org.springframework.boot.autoconfigure.gson.GsonAutoConfiguration, org.springframework.boot.autoconfigure.hateoas.HypermediaAutoConfiguration, org.springframework.boot.autoconfigure.http.HttpMessageConvertersAutoConfiguration, org.springframework.boot.autoconfigure.jackson.JacksonAutoConfiguration, org.springframework.boot.autoconfigure.jsonb.JsonbAutoConfiguration, org.springframework.boot.autoconfigure.mustache.MustacheAutoConfiguration, org.springframework.boot.autoconfigure.task.TaskExecutionAutoConfiguration, org.springframework.boot.autoconfigure.thymeleaf.ThymeleafAutoConfiguration, org.springframework.boot.autoconfigure.validation.ValidationAutoConfiguration, org.springframework.boot.autoconfigure.web.servlet.error.ErrorMvcAutoConfiguration, org.springframework.boot.autoconfigure.web.servlet.WebMvcAutoConfiguration, org.springframework.boot.test.autoconfigure.web.servlet.MockMvcAutoConfiguration, org.springframework.boot.test.autoconfigure.web.servlet.MockMvcWebClientAutoConfiguration, org.springframework.boot.test.autoconfigure.web.servlet.MockMvcWebDriverAutoConfiguration, org.springframework.boot.autoconfigure.security.servlet.SecurityAutoConfiguration, org.springframework.boot.autoconfigure.security.servlet.UserDetailsServiceAutoConfiguration, org.springframework.boot.test.autoconfigure.web.servlet.MockMvcSecurityConfiguration]], org.springframework.boot.test.context.filter.ExcludeFilterContextCustomizer@658433f7, org.springframework.boot.test.json.DuplicateJsonObjectContextCustomizerFactory$DuplicateJsonObjectContextCustomizer@1927e2d2, org.springframework.boot.test.mock.mockito.MockitoContextCustomizer@0], resourceBasePath = 'src/main/webapp', contextLoader = 'org.springframework.boot.test.context.SpringBootContextLoader', parent = [null]], attributes = map[[empty]]], class annotated with @DirtiesContext [false] with mode [null].
11:16:45.580 [Test worker] DEBUG org.springframework.test.annotation.ProfileValueUtils - Retrieved @ProfileValueSourceConfiguration [null] for test class [com.example.spring.web.HelloControllerTest]
11:16:45.581 [Test worker] DEBUG org.springframework.test.annotation.ProfileValueUtils - Retrieved ProfileValueSource type [class org.springframework.test.annotation.SystemProfileValueSource] for class [com.example.spring.web.HelloControllerTest]
11:16:45.582 [Test worker] DEBUG org.springframework.test.context.support.DependencyInjectionTestExecutionListener - Performing dependency injection for test context [[DefaultTestContext@72f12333 testClass = HelloControllerTest, testInstance = com.example.spring.web.HelloControllerTest@5e1f3110, testMethod = [null], testException = [null], mergedContextConfiguration = [WebMergedContextConfiguration@76804e88 testClass = HelloControllerTest, locations = '{}', classes = '{class com.example.spring.Application}', contextInitializerClasses = '[]', activeProfiles = '{}', propertySourceLocations = '{}', propertySourceProperties = '{org.springframework.boot.test.autoconfigure.web.servlet.WebMvcTestContextBootstrapper=true}', contextCustomizers = set[org.springframework.boot.test.autoconfigure.OverrideAutoConfigurationContextCustomizerFactory$DisableAutoConfigurationContextCustomizer@61a5668, org.springframework.boot.test.autoconfigure.filter.TypeExcludeFiltersContextCustomizer@3ac26387, org.springframework.boot.test.autoconfigure.properties.PropertyMappingContextCustomizer@333ea019, org.springframework.boot.test.autoconfigure.web.servlet.WebDriverContextCustomizerFactory$Customizer@4de6e57f, [ImportsContextCustomizer@3f451dfb key = [org.springframework.boot.autoconfigure.cache.CacheAutoConfiguration, org.springframework.boot.autoconfigure.context.MessageSourceAutoConfiguration, org.springframework.boot.autoconfigure.data.web.SpringDataWebAutoConfiguration, org.springframework.boot.autoconfigure.freemarker.FreeMarkerAutoConfiguration, org.springframework.boot.autoconfigure.groovy.template.GroovyTemplateAutoConfiguration, org.springframework.boot.autoconfigure.gson.GsonAutoConfiguration, org.springframework.boot.autoconfigure.hateoas.HypermediaAutoConfiguration, org.springframework.boot.autoconfigure.http.HttpMessageConvertersAutoConfiguration, org.springframework.boot.autoconfigure.jackson.JacksonAutoConfiguration, org.springframework.boot.autoconfigure.jsonb.JsonbAutoConfiguration, org.springframework.boot.autoconfigure.mustache.MustacheAutoConfiguration, org.springframework.boot.autoconfigure.task.TaskExecutionAutoConfiguration, org.springframework.boot.autoconfigure.thymeleaf.ThymeleafAutoConfiguration, org.springframework.boot.autoconfigure.validation.ValidationAutoConfiguration, org.springframework.boot.autoconfigure.web.servlet.error.ErrorMvcAutoConfiguration, org.springframework.boot.autoconfigure.web.servlet.WebMvcAutoConfiguration, org.springframework.boot.test.autoconfigure.web.servlet.MockMvcAutoConfiguration, org.springframework.boot.test.autoconfigure.web.servlet.MockMvcWebClientAutoConfiguration, org.springframework.boot.test.autoconfigure.web.servlet.MockMvcWebDriverAutoConfiguration, org.springframework.boot.autoconfigure.security.servlet.SecurityAutoConfiguration, org.springframework.boot.autoconfigure.security.servlet.UserDetailsServiceAutoConfiguration, org.springframework.boot.test.autoconfigure.web.servlet.MockMvcSecurityConfiguration]], org.springframework.boot.test.context.filter.ExcludeFilterContextCustomizer@658433f7, org.springframework.boot.test.json.DuplicateJsonObjectContextCustomizerFactory$DuplicateJsonObjectContextCustomizer@1927e2d2, org.springframework.boot.test.mock.mockito.MockitoContextCustomizer@0], resourceBasePath = 'src/main/webapp', contextLoader = 'org.springframework.boot.test.context.SpringBootContextLoader', parent = [null]], attributes = map[[empty]]]].
11:16:45.730 [Test worker] DEBUG org.springframework.test.context.support.TestPropertySourceUtils - Adding inlined properties to environment: {spring.jmx.enabled=false, org.springframework.boot.test.autoconfigure.web.servlet.WebMvcTestContextBootstrapper=true, server.port=-1}

  .   ____          _            __ _ _
 /\\ / ___'_ __ _ _(_)_ __  __ _ \ \ \ \
( ( )\___ | '_ | '_| | '_ \/ _` | \ \ \ \
 \\/  ___)| |_)| | | | | || (_| |  ) ) ) )
  '  |____| .__|_| |_|_| |_\__, | / / / /
 =========|_|==============|___/=/_/_/_/
 :: Spring Boot ::        (v2.2.0.RELEASE)

2022-08-09 11:16:46.173  INFO 7232 --- [    Test worker] c.e.spring.web.HelloControllerTest       : Starting HelloControllerTest on DESKTOP-41VMKVK with PID 7232 (started by lg in C:\Users\lg\IdeaProjects\Spring)
2022-08-09 11:16:46.179  INFO 7232 --- [    Test worker] c.e.spring.web.HelloControllerTest       : The following profiles are active: oauth
2022-08-09 11:16:47.821  INFO 7232 --- [    Test worker] o.s.s.concurrent.ThreadPoolTaskExecutor  : Initializing ExecutorService 'applicationTaskExecutor'
2022-08-09 11:16:47.956  INFO 7232 --- [    Test worker] o.s.b.a.w.s.WelcomePageHandlerMapping    : Adding welcome page template: index
2022-08-09 11:16:48.307  INFO 7232 --- [    Test worker] .s.s.UserDetailsServiceAutoConfiguration : 

Using generated security password: 1926d485-9f88-452e-b47b-2c24e4cc177a

2022-08-09 11:16:48.640  INFO 7232 --- [    Test worker] o.s.s.web.DefaultSecurityFilterChain     : Creating filter chain: any request, [org.springframework.security.web.context.request.async.WebAsyncManagerIntegrationFilter@58766e80, org.springframework.security.web.context.SecurityContextPersistenceFilter@13fd7212, org.springframework.security.web.header.HeaderWriterFilter@2a3f0966, org.springframework.security.web.csrf.CsrfFilter@b31559a, org.springframework.security.web.authentication.logout.LogoutFilter@852001, org.springframework.security.web.authentication.UsernamePasswordAuthenticationFilter@3cfd26f7, org.springframework.security.web.authentication.ui.DefaultLoginPageGeneratingFilter@3d0356ae, org.springframework.security.web.authentication.ui.DefaultLogoutPageGeneratingFilter@67a97a51, org.springframework.security.web.authentication.www.BasicAuthenticationFilter@4564c5dd, org.springframework.security.web.savedrequest.RequestCacheAwareFilter@713460c0, org.springframework.security.web.servletapi.SecurityContextHolderAwareRequestFilter@26ac469c, org.springframework.security.web.authentication.AnonymousAuthenticationFilter@3c7931c4, org.springframework.security.web.session.SessionManagementFilter@2b404cb7, org.springframework.security.web.access.ExceptionTranslationFilter@5d9b0ce4, org.springframework.security.web.access.intercept.FilterSecurityInterceptor@261a5c3b]
2022-08-09 11:16:48.743  INFO 7232 --- [    Test worker] o.s.b.t.m.w.SpringBootMockServletContext : Initializing Spring TestDispatcherServlet ''
2022-08-09 11:16:48.743  INFO 7232 --- [    Test worker] o.s.t.web.servlet.TestDispatcherServlet  : Initializing Servlet ''
2022-08-09 11:16:48.782  INFO 7232 --- [    Test worker] o.s.t.web.servlet.TestDispatcherServlet  : Completed initialization in 39 ms
2022-08-09 11:16:48.833  INFO 7232 --- [    Test worker] c.e.spring.web.HelloControllerTest       : Started HelloControllerTest in 3.101 seconds (JVM running for 4.869)
]]></system-out>
  <system-err><![CDATA[]]></system-err>
</testsuite>
