<?xml version="1.0" encoding="UTF-8"?>
<testsuite name="com.example.spring.web.dto.HelloResponseDtoTest" tests="1" skipped="0" failures="0" errors="0" timestamp="2022-06-15T12:17:01" hostname="DESKTOP-41VMKVK" time="0.004">
  <properties/>
  <testcase name="롬복_기능_테스트" classname="com.example.spring.web.dto.HelloResponseDtoTest" time="0.004"/>
  <system-out><![CDATA[]]></system-out>
  <system-err><![CDATA[]]></system-err>
</testsuite>
